<?xml version="1.0" encoding="UTF-8"?>
<!-- Generated by org.testng.reporters.JUnitReportReporter -->
<testsuite skipped="0" hostname="DESKTOP-JCJ8HOK" name="testcases.TC_001" tests="1" failures="0" timestamp="17 Feb 2023 01:59:51 GMT" time="0.009" errors="0">
  <testcase name="f" time="0.009" classname="testcases.TC_001"/>
</testsuite> <!-- testcases.TC_001 -->
