<?xml version="1.0" encoding="UTF-8"?>
<!-- Generated by org.testng.reporters.JUnitReportReporter -->
<testsuite skipped="0" hostname="DESKTOP-JCJ8HOK" name="testcases.PortifolioManagement" tests="1" failures="0" timestamp="21 Feb 2023 02:30:25 GMT" time="0.003" errors="0">
  <testcase name="createportifolio" time="0.003" classname="testcases.PortifolioManagement"/>
</testsuite> <!-- testcases.PortifolioManagement -->
