<?xml version="1.0" encoding="UTF-8"?>
<!-- Generated by org.testng.reporters.JUnitReportReporter -->
<testsuite skipped="0" hostname="DESKTOP-JCJ8HOK" name="testcases.PortifolioManagement" tests="1" failures="0" timestamp="17 Feb 2023 02:18:05 GMT" time="0.007" errors="0">
  <testcase name="createportifolio" time="0.007" classname="testcases.PortifolioManagement"/>
</testsuite> <!-- testcases.PortifolioManagement -->
