<?xml version="1.0" encoding="UTF-8"?>
<!-- Generated by org.testng.reporters.JUnitReportReporter -->
<testsuite skipped="0" hostname="DESKTOP-JCJ8HOK" name="testcases.CustomerCommunication" tests="4" failures="0" timestamp="08 Feb 2023 02:29:26 GMT" time="0.020" errors="0">
  <testcase name="checkEmailVerification" time="0.004" classname="testcases.CustomerCommunication"/>
  <testcase name="checkMobileVerification" time="0.005" classname="testcases.CustomerCommunication"/>
  <testcase name="checkMobileVerification" time="0.007" classname="testcases.CustomerCommunication"/>
  <testcase name="checkEmailVerification" time="0.004" classname="testcases.CustomerCommunication"/>
</testsuite> <!-- testcases.CustomerCommunication -->
