<?xml version="1.0" encoding="UTF-8"?>
<!-- Generated by org.testng.reporters.JUnitReportReporter -->
<testsuite skipped="0" hostname="DESKTOP-JCJ8HOK" name="testcases.Booking" tests="4" failures="0" timestamp="08 Feb 2023 02:29:26 GMT" time="0.040" errors="0">
  <testcase name="typeOfRoom" time="0.010" classname="testcases.Booking"/>
  <testcase name="typeOfRoom" time="0.001" classname="testcases.Booking"/>
  <testcase name="newBooking" time="0.003" classname="testcases.Booking"/>
  <testcase name="newBooking" time="0.026" classname="testcases.Booking"/>
</testsuite> <!-- testcases.Booking -->
