<?xml version="1.0" encoding="UTF-8"?>
<!-- Generated by org.testng.reporters.JUnitReportReporter -->
<testsuite skipped="0" hostname="DESKTOP-JCJ8HOK" name="testng.TestMethodParallel" tests="7" failures="0" timestamp="31 Jan 2023 02:24:55 GMT" time="0.192" errors="0">
  <testcase name="test1" time="0.025" classname="testng.TestMethodParallel"/>
  <testcase name="test4" time="0.027" classname="testng.TestMethodParallel"/>
  <testcase name="test2" time="0.028" classname="testng.TestMethodParallel"/>
  <testcase name="test5" time="0.024" classname="testng.TestMethodParallel"/>
  <testcase name="test7" time="0.036" classname="testng.TestMethodParallel"/>
  <testcase name="test3" time="0.026" classname="testng.TestMethodParallel"/>
  <testcase name="test6" time="0.026" classname="testng.TestMethodParallel"/>
</testsuite> <!-- testng.TestMethodParallel -->
