<?xml version="1.0" encoding="UTF-8"?>
<!-- Generated by org.testng.reporters.JUnitReportReporter -->
<testsuite skipped="0" hostname="DESKTOP-JCJ8HOK" name="suiteA.TestA1" tests="1" failures="0" timestamp="31 Jan 2023 02:15:59 GMT" time="2.024" errors="0">
  <testcase name="testA1" time="2.024" classname="suiteA.TestA1"/>
</testsuite> <!-- suiteA.TestA1 -->
