<?xml version="1.0" encoding="UTF-8"?>
<!-- Generated by org.testng.reporters.JUnitReportReporter -->
<testsuite skipped="0" hostname="DESKTOP-JCJ8HOK" name="suiteB.TestB3" tests="1" failures="0" timestamp="31 Jan 2023 02:15:59 GMT" time="2.004" errors="0">
  <testcase name="testB3" time="2.004" classname="suiteB.TestB3"/>
</testsuite> <!-- suiteB.TestB3 -->
