<?xml version="1.0" encoding="UTF-8"?>
<!-- Generated by org.testng.reporters.JUnitReportReporter -->
<testsuite skipped="1" hostname="DESKTOP-JCJ8HOK" name="testng.TNG_001" tests="3" failures="0" timestamp="27 Jan 2023 02:30:52 GMT" time="0.024" errors="0">
  <testcase name="f" time="0.018" classname="testng.TNG_001"/>
  <testcase name="a" time="0.006" classname="testng.TNG_001"/>
  <testcase name="z" classname="testng.TNG_001">
    <skipped/>
  </testcase> <!-- z -->
</testsuite> <!-- testng.TNG_001 -->
