<?xml version="1.0" encoding="UTF-8"?>
<!-- Generated by org.testng.reporters.JUnitReportReporter -->
<testsuite skipped="0" hostname="DESKTOP-JCJ8HOK" name="testng.sample" tests="1" failures="0" timestamp="27 Jan 2023 02:18:17 GMT" time="0.030" errors="0">
  <testcase name="f" time="0.030" classname="testng.sample"/>
</testsuite> <!-- testng.sample -->
