<?xml version="1.0" encoding="UTF-8"?>
<!-- Generated by org.testng.reporters.JUnitReportReporter -->
<testsuite skipped="0" hostname="DESKTOP-JCJ8HOK" name="excelDataDriven.DataManagementWithHashTable" tests="2" failures="0" timestamp="14 Feb 2023 02:16:12 GMT" time="0.020" errors="0">
  <testcase name="f" time="0.015" classname="excelDataDriven.DataManagementWithHashTable"/>
  <testcase name="f" time="0.005" classname="excelDataDriven.DataManagementWithHashTable"/>
</testsuite> <!-- excelDataDriven.DataManagementWithHashTable -->
