<?xml version="1.0" encoding="UTF-8"?>
<!-- Generated by org.testng.reporters.JUnitReportReporter -->
<testsuite skipped="0" hostname="DESKTOP-JCJ8HOK" name="excelDataDriven.NewTest" tests="2" failures="0" timestamp="14 Feb 2023 01:53:00 GMT" time="0.025" errors="0">
  <testcase name="f" time="0.006" classname="excelDataDriven.NewTest"/>
  <testcase name="f" time="0.019" classname="excelDataDriven.NewTest"/>
</testsuite> <!-- excelDataDriven.NewTest -->
