<?xml version="1.0" encoding="UTF-8"?>
<!-- Generated by org.testng.reporters.JUnitReportReporter -->
<testsuite skipped="0" hostname="DESKTOP-JCJ8HOK" name="pageobjectmodel.POM_001" tests="1" failures="0" timestamp="15 Feb 2023 02:07:39 GMT" time="8.250" errors="0">
  <testcase name="loginTest" time="8.250" classname="pageobjectmodel.POM_001"/>
</testsuite> <!-- pageobjectmodel.POM_001 -->
