<?xml version="1.0" encoding="UTF-8"?>
<!-- Generated by org.testng.reporters.JUnitReportReporter -->
<testsuite skipped="1" hostname="DESKTOP-JCJ8HOK" name="testng.TNG_001" tests="3" failures="0" timestamp="30 Jan 2023 02:03:39 GMT" time="0.009" errors="0">
  <testcase name="f" time="0.005" classname="testng.TNG_001"/>
  <testcase name="a" time="0.004" classname="testng.TNG_001"/>
  <testcase name="z" classname="testng.TNG_001">
    <skipped/>
  </testcase> <!-- z -->
</testsuite> <!-- testng.TNG_001 -->
