<?xml version="1.0" encoding="UTF-8"?>
<!-- Generated by org.testng.reporters.JUnitReportReporter -->
<testsuite skipped="1" hostname="DESKTOP-JCJ8HOK" name="excelDataDriven.DataManagementFinalVersion" tests="2" failures="0" timestamp="14 Feb 2023 02:26:11 GMT" time="0.018" errors="0">
  <testcase name="f" time="0.016" classname="excelDataDriven.DataManagementFinalVersion"/>
  <testcase name="f" time="0.002" classname="excelDataDriven.DataManagementFinalVersion">
    <skipped/>
  </testcase> <!-- f -->
</testsuite> <!-- excelDataDriven.DataManagementFinalVersion -->
